c:\users\guniya\desktop\ms-cs\cs-501\feedthekittyarcade_tanveen_1014603\feedthekittyarcade_tanveen_1014603\feedthekitty\feedthekitty\debug\vc140.pdb
c:\users\guniya\desktop\ms-cs\cs-501\feedthekittyarcade_tanveen_1014603\feedthekittyarcade_tanveen_1014603\feedthekitty\feedthekitty\debug\vc140.idb
c:\users\guniya\desktop\ms-cs\cs-501\feedthekittyarcade_tanveen_1014603\feedthekittyarcade_tanveen_1014603\feedthekitty\feedthekitty\debug\actualgameplay.obj
c:\users\guniya\desktop\ms-cs\cs-501\feedthekittyarcade_tanveen_1014603\feedthekittyarcade_tanveen_1014603\feedthekitty\feedthekitty\debug\bowl.obj
c:\users\guniya\desktop\ms-cs\cs-501\feedthekittyarcade_tanveen_1014603\feedthekittyarcade_tanveen_1014603\feedthekitty\feedthekitty\debug\dice.obj
c:\users\guniya\desktop\ms-cs\cs-501\feedthekittyarcade_tanveen_1014603\feedthekittyarcade_tanveen_1014603\feedthekitty\feedthekitty\debug\dicefacebase.obj
c:\users\guniya\desktop\ms-cs\cs-501\feedthekittyarcade_tanveen_1014603\feedthekittyarcade_tanveen_1014603\feedthekitty\feedthekitty\debug\game.obj
c:\users\guniya\desktop\ms-cs\cs-501\feedthekittyarcade_tanveen_1014603\feedthekittyarcade_tanveen_1014603\feedthekitty\feedthekitty\debug\gametable.obj
c:\users\guniya\desktop\ms-cs\cs-501\feedthekittyarcade_tanveen_1014603\feedthekittyarcade_tanveen_1014603\feedthekitty\feedthekitty\debug\greenarrow.obj
c:\users\guniya\desktop\ms-cs\cs-501\feedthekittyarcade_tanveen_1014603\feedthekittyarcade_tanveen_1014603\feedthekitty\feedthekitty\debug\greenbowl.obj
c:\users\guniya\desktop\ms-cs\cs-501\feedthekittyarcade_tanveen_1014603\feedthekittyarcade_tanveen_1014603\feedthekitty\feedthekitty\debug\greenmouse.obj
c:\users\guniya\desktop\ms-cs\cs-501\feedthekittyarcade_tanveen_1014603\feedthekittyarcade_tanveen_1014603\feedthekitty\feedthekitty\debug\greensleepingcat.obj
c:\users\guniya\desktop\ms-cs\cs-501\feedthekittyarcade_tanveen_1014603\feedthekittyarcade_tanveen_1014603\feedthekitty\feedthekitty\debug\partition.obj
c:\users\guniya\desktop\ms-cs\cs-501\feedthekittyarcade_tanveen_1014603\feedthekittyarcade_tanveen_1014603\feedthekitty\feedthekitty\debug\player.obj
c:\users\guniya\desktop\ms-cs\cs-501\feedthekittyarcade_tanveen_1014603\feedthekittyarcade_tanveen_1014603\feedthekitty\feedthekitty\debug\redarrow.obj
c:\users\guniya\desktop\ms-cs\cs-501\feedthekittyarcade_tanveen_1014603\feedthekittyarcade_tanveen_1014603\feedthekitty\feedthekitty\debug\redbowl.obj
c:\users\guniya\desktop\ms-cs\cs-501\feedthekittyarcade_tanveen_1014603\feedthekittyarcade_tanveen_1014603\feedthekitty\feedthekitty\debug\redmouse.obj
c:\users\guniya\desktop\ms-cs\cs-501\feedthekittyarcade_tanveen_1014603\feedthekittyarcade_tanveen_1014603\feedthekitty\feedthekitty\debug\redsleepingcat.obj
c:\users\guniya\desktop\ms-cs\cs-501\feedthekittyarcade_tanveen_1014603\feedthekittyarcade_tanveen_1014603\feedthekitty\feedthekitty\debug\timingwheel.obj
c:\users\guniya\desktop\ms-cs\cs-501\feedthekittyarcade_tanveen_1014603\feedthekittyarcade_tanveen_1014603\feedthekitty\debug\feedthekitty.ilk
c:\users\guniya\desktop\ms-cs\cs-501\feedthekittyarcade_tanveen_1014603\feedthekittyarcade_tanveen_1014603\feedthekitty\debug\feedthekitty.exe
c:\users\guniya\desktop\ms-cs\cs-501\feedthekittyarcade_tanveen_1014603\feedthekittyarcade_tanveen_1014603\feedthekitty\debug\feedthekitty.pdb
c:\users\guniya\desktop\ms-cs\cs-501\feedthekittyarcade_tanveen_1014603\feedthekittyarcade_tanveen_1014603\feedthekitty\feedthekitty\debug\feedthekitty.tlog\cl.command.1.tlog
c:\users\guniya\desktop\ms-cs\cs-501\feedthekittyarcade_tanveen_1014603\feedthekittyarcade_tanveen_1014603\feedthekitty\feedthekitty\debug\feedthekitty.tlog\cl.read.1.tlog
c:\users\guniya\desktop\ms-cs\cs-501\feedthekittyarcade_tanveen_1014603\feedthekittyarcade_tanveen_1014603\feedthekitty\feedthekitty\debug\feedthekitty.tlog\cl.write.1.tlog
c:\users\guniya\desktop\ms-cs\cs-501\feedthekittyarcade_tanveen_1014603\feedthekittyarcade_tanveen_1014603\feedthekitty\feedthekitty\debug\feedthekitty.tlog\link.command.1.tlog
c:\users\guniya\desktop\ms-cs\cs-501\feedthekittyarcade_tanveen_1014603\feedthekittyarcade_tanveen_1014603\feedthekitty\feedthekitty\debug\feedthekitty.tlog\link.read.1.tlog
c:\users\guniya\desktop\ms-cs\cs-501\feedthekittyarcade_tanveen_1014603\feedthekittyarcade_tanveen_1014603\feedthekitty\feedthekitty\debug\feedthekitty.tlog\link.write.1.tlog
